<errors>
<error type="info.kwarc.mmt.api.checking.RuleBasedChecker$$anon$3" shortMsg="invalid unit: http://BenniDoes.Stuff/?Situation?sa?definition: Judgment  |- Vof 0 0 0 : V" level="2">
  <stacktrace>
    <element>info.kwarc.mmt.api.checking.RuleBasedChecker.$anonfun$apply$17(RuleBasedChecker.scala:99)</element>
    <element>info.kwarc.mmt.api.checking.RuleBasedChecker.$anonfun$apply$17$adapted(RuleBasedChecker.scala:98)</element>
    <element>scala.collection.immutable.List.foreach(List.scala:392)</element>
    <element>info.kwarc.mmt.api.checking.RuleBasedChecker.$anonfun$apply$15(RuleBasedChecker.scala:98)</element>
    <element>scala.runtime.java8.JFunction0$mcV$sp.apply(JFunction0$mcV$sp.java:23)</element>
    <element>info.kwarc.mmt.api.frontend.Logger.logGroup(Log.scala:34)</element>
    <element>info.kwarc.mmt.api.frontend.Logger.logGroup$(Log.scala:31)</element>
    <element>info.kwarc.mmt.api.checking.RuleBasedChecker.logGroup(RuleBasedChecker.scala:17)</element>
    <element>info.kwarc.mmt.api.checking.RuleBasedChecker.apply(RuleBasedChecker.scala:95)</element>
    <element>info.kwarc.mmt.api.checking.MMTStructureChecker.$anonfun$check$17(MMTStructureChecker.scala:313)</element>
    <element>info.kwarc.mmt.api.checking.MMTStructureChecker.$anonfun$check$17$adapted(MMTStructureChecker.scala:289)</element>
    <element>scala.Option.foreach(Option.scala:274)</element>
    <element>info.kwarc.mmt.api.checking.MMTStructureChecker.check(MMTStructureChecker.scala:289)</element>
    <element>info.kwarc.mmt.api.checking.MMTStructureChecker.applyElementBegin(MMTStructureChecker.scala:73)</element>
    <element>info.kwarc.mmt.api.checking.TwoStepInterpreter$$anon$1.onElement(Interpreter.scala:88)</element>
    <element>info.kwarc.mmt.api.parser.KeywordBasedParser.seCont(StructureParser.scala:131)</element>
    <element>info.kwarc.mmt.api.parser.KeywordBasedParser.addDeclaration$1(StructureParser.scala:497)</element>
    <element>info.kwarc.mmt.api.parser.KeywordBasedParser.readInModuleAux(StructureParser.scala:688)</element>
    <element>info.kwarc.mmt.api.parser.KeywordBasedParser.readInModule(StructureParser.scala:477)</element>
    <element>info.kwarc.mmt.api.parser.KeywordBasedParser.$anonfun$readTheory$2(StructureParser.scala:768)</element>
    <element>scala.runtime.java8.JFunction0$mcV$sp.apply(JFunction0$mcV$sp.java:23)</element>
    <element>info.kwarc.mmt.api.frontend.Logger.logGroup(Log.scala:34)</element>
    <element>info.kwarc.mmt.api.frontend.Logger.logGroup$(Log.scala:31)</element>
    <element>info.kwarc.mmt.api.parser.Parser.logGroup(Parser.scala:237)</element>
    <element>info.kwarc.mmt.api.parser.KeywordBasedParser.readTheory(StructureParser.scala:768)</element>
    <element>info.kwarc.mmt.api.parser.KeywordBasedParser.readInDocument(StructureParser.scala:416)</element>
    <element>info.kwarc.mmt.api.parser.KeywordBasedParser.$anonfun$apply$1(StructureParser.scala:93)</element>
    <element>scala.runtime.java8.JFunction0$mcV$sp.apply(JFunction0$mcV$sp.java:23)</element>
    <element>info.kwarc.mmt.api.frontend.Logger.logGroup(Log.scala:34)</element>
    <element>info.kwarc.mmt.api.frontend.Logger.logGroup$(Log.scala:31)</element>
    <element>info.kwarc.mmt.api.parser.Parser.logGroup(Parser.scala:237)</element>
    <element>info.kwarc.mmt.api.parser.KeywordBasedParser.apply(StructureParser.scala:93)</element>
    <element>info.kwarc.mmt.api.parser.KeywordBasedParser.apply(StructureParser.scala:83)</element>
    <element>info.kwarc.mmt.api.checking.TwoStepInterpreter.apply(Interpreter.scala:94)</element>
    <element>info.kwarc.mmt.api.checking.Interpreter.importDocument(Interpreter.scala:45)</element>
    <element>info.kwarc.mmt.api.archives.Importer.buildFile(Index.scala:159)</element>
    <element>info.kwarc.mmt.api.archives.TraversingBuildTarget.runBuildTask(BuildTarget.scala:564)</element>
    <element>info.kwarc.mmt.api.archives.TraversingBuildTarget.runBuildTaskIfNeeded(BuildTarget.scala:470)</element>
    <element>info.kwarc.mmt.api.archives.TrivialBuildManager.$anonfun$addTasks$1(BuildQueue.scala:122)</element>
    <element>scala.collection.immutable.List.foreach(List.scala:392)</element>
    <element>info.kwarc.mmt.api.archives.TrivialBuildManager.addTasks(BuildQueue.scala:121)</element>
    <element>info.kwarc.mmt.api.archives.TraversingBuildTarget.build(BuildTarget.scala:389)</element>
    <element>info.kwarc.mmt.api.archives.TraversingBuildTarget.build(BuildTarget.scala:383)</element>
    <element>info.kwarc.mmt.api.archives.BuildTarget.apply(BuildTarget.scala:227)</element>
    <element>info.kwarc.mmt.api.frontend.actions.ArchiveActionHandling.$anonfun$buildArchive$1(ArchiveAction.scala:119)</element>
    <element>info.kwarc.mmt.api.frontend.actions.ArchiveActionHandling.$anonfun$buildArchive$1$adapted(ArchiveAction.scala:96)</element>
    <element>scala.collection.immutable.List.foreach(List.scala:392)</element>
    <element>info.kwarc.mmt.api.frontend.actions.ArchiveActionHandling.buildArchive(ArchiveAction.scala:96)</element>
    <element>info.kwarc.mmt.api.frontend.actions.ArchiveActionHandling.buildArchive$(ArchiveAction.scala:95)</element>
    <element>info.kwarc.mmt.api.frontend.Controller.buildArchive(Controller.scala:74)</element>
    <element>info.kwarc.mmt.api.frontend.actions.ArchiveBuild.apply(ArchiveAction.scala:13)</element>
    <element>info.kwarc.mmt.api.frontend.actions.ActionHandling.handle(ActionHandling.scala:48)</element>
    <element>info.kwarc.mmt.api.frontend.actions.ActionHandling.handle$(ActionHandling.scala:37)</element>
    <element>info.kwarc.mmt.api.frontend.Controller.handle(Controller.scala:74)</element>
    <element>info.kwarc.mmt.api.frontend.actions.ActionHandling.handleLine(ActionHandling.scala:33)</element>
    <element>info.kwarc.mmt.api.frontend.actions.ActionHandling.handleLine$(ActionHandling.scala:31)</element>
    <element>info.kwarc.mmt.api.frontend.Controller.handleLine(Controller.scala:74)</element>
    <element>com.example.mmtapi.Test$.main(Test.scala:35)</element>
    <element>com.example.mmtapi.Test.main(Test.scala)</element>
  </stacktrace>
</error>
<error type="info.kwarc.mmt.api.checking.RuleBasedChecker$$anon$3" shortMsg="invalid unit: http://BenniDoes.Stuff/?Situation?sb?definition: Judgment  |- Vof 0 0 1 : V" level="2">
  <stacktrace>
    <element>info.kwarc.mmt.api.checking.RuleBasedChecker.$anonfun$apply$17(RuleBasedChecker.scala:99)</element>
    <element>info.kwarc.mmt.api.checking.RuleBasedChecker.$anonfun$apply$17$adapted(RuleBasedChecker.scala:98)</element>
    <element>scala.collection.immutable.List.foreach(List.scala:392)</element>
    <element>info.kwarc.mmt.api.checking.RuleBasedChecker.$anonfun$apply$15(RuleBasedChecker.scala:98)</element>
    <element>scala.runtime.java8.JFunction0$mcV$sp.apply(JFunction0$mcV$sp.java:23)</element>
    <element>info.kwarc.mmt.api.frontend.Logger.logGroup(Log.scala:34)</element>
    <element>info.kwarc.mmt.api.frontend.Logger.logGroup$(Log.scala:31)</element>
    <element>info.kwarc.mmt.api.checking.RuleBasedChecker.logGroup(RuleBasedChecker.scala:17)</element>
    <element>info.kwarc.mmt.api.checking.RuleBasedChecker.apply(RuleBasedChecker.scala:95)</element>
    <element>info.kwarc.mmt.api.checking.MMTStructureChecker.$anonfun$check$17(MMTStructureChecker.scala:313)</element>
    <element>info.kwarc.mmt.api.checking.MMTStructureChecker.$anonfun$check$17$adapted(MMTStructureChecker.scala:289)</element>
    <element>scala.Option.foreach(Option.scala:274)</element>
    <element>info.kwarc.mmt.api.checking.MMTStructureChecker.check(MMTStructureChecker.scala:289)</element>
    <element>info.kwarc.mmt.api.checking.MMTStructureChecker.applyElementBegin(MMTStructureChecker.scala:73)</element>
    <element>info.kwarc.mmt.api.checking.TwoStepInterpreter$$anon$1.onElement(Interpreter.scala:88)</element>
    <element>info.kwarc.mmt.api.parser.KeywordBasedParser.seCont(StructureParser.scala:131)</element>
    <element>info.kwarc.mmt.api.parser.KeywordBasedParser.addDeclaration$1(StructureParser.scala:497)</element>
    <element>info.kwarc.mmt.api.parser.KeywordBasedParser.readInModuleAux(StructureParser.scala:688)</element>
    <element>info.kwarc.mmt.api.parser.KeywordBasedParser.readInModule(StructureParser.scala:477)</element>
    <element>info.kwarc.mmt.api.parser.KeywordBasedParser.$anonfun$readTheory$2(StructureParser.scala:768)</element>
    <element>scala.runtime.java8.JFunction0$mcV$sp.apply(JFunction0$mcV$sp.java:23)</element>
    <element>info.kwarc.mmt.api.frontend.Logger.logGroup(Log.scala:34)</element>
    <element>info.kwarc.mmt.api.frontend.Logger.logGroup$(Log.scala:31)</element>
    <element>info.kwarc.mmt.api.parser.Parser.logGroup(Parser.scala:237)</element>
    <element>info.kwarc.mmt.api.parser.KeywordBasedParser.readTheory(StructureParser.scala:768)</element>
    <element>info.kwarc.mmt.api.parser.KeywordBasedParser.readInDocument(StructureParser.scala:416)</element>
    <element>info.kwarc.mmt.api.parser.KeywordBasedParser.$anonfun$apply$1(StructureParser.scala:93)</element>
    <element>scala.runtime.java8.JFunction0$mcV$sp.apply(JFunction0$mcV$sp.java:23)</element>
    <element>info.kwarc.mmt.api.frontend.Logger.logGroup(Log.scala:34)</element>
    <element>info.kwarc.mmt.api.frontend.Logger.logGroup$(Log.scala:31)</element>
    <element>info.kwarc.mmt.api.parser.Parser.logGroup(Parser.scala:237)</element>
    <element>info.kwarc.mmt.api.parser.KeywordBasedParser.apply(StructureParser.scala:93)</element>
    <element>info.kwarc.mmt.api.parser.KeywordBasedParser.apply(StructureParser.scala:83)</element>
    <element>info.kwarc.mmt.api.checking.TwoStepInterpreter.apply(Interpreter.scala:94)</element>
    <element>info.kwarc.mmt.api.checking.Interpreter.importDocument(Interpreter.scala:45)</element>
    <element>info.kwarc.mmt.api.archives.Importer.buildFile(Index.scala:159)</element>
    <element>info.kwarc.mmt.api.archives.TraversingBuildTarget.runBuildTask(BuildTarget.scala:564)</element>
    <element>info.kwarc.mmt.api.archives.TraversingBuildTarget.runBuildTaskIfNeeded(BuildTarget.scala:470)</element>
    <element>info.kwarc.mmt.api.archives.TrivialBuildManager.$anonfun$addTasks$1(BuildQueue.scala:122)</element>
    <element>scala.collection.immutable.List.foreach(List.scala:392)</element>
    <element>info.kwarc.mmt.api.archives.TrivialBuildManager.addTasks(BuildQueue.scala:121)</element>
    <element>info.kwarc.mmt.api.archives.TraversingBuildTarget.build(BuildTarget.scala:389)</element>
    <element>info.kwarc.mmt.api.archives.TraversingBuildTarget.build(BuildTarget.scala:383)</element>
    <element>info.kwarc.mmt.api.archives.BuildTarget.apply(BuildTarget.scala:227)</element>
    <element>info.kwarc.mmt.api.frontend.actions.ArchiveActionHandling.$anonfun$buildArchive$1(ArchiveAction.scala:119)</element>
    <element>info.kwarc.mmt.api.frontend.actions.ArchiveActionHandling.$anonfun$buildArchive$1$adapted(ArchiveAction.scala:96)</element>
    <element>scala.collection.immutable.List.foreach(List.scala:392)</element>
    <element>info.kwarc.mmt.api.frontend.actions.ArchiveActionHandling.buildArchive(ArchiveAction.scala:96)</element>
    <element>info.kwarc.mmt.api.frontend.actions.ArchiveActionHandling.buildArchive$(ArchiveAction.scala:95)</element>
    <element>info.kwarc.mmt.api.frontend.Controller.buildArchive(Controller.scala:74)</element>
    <element>info.kwarc.mmt.api.frontend.actions.ArchiveBuild.apply(ArchiveAction.scala:13)</element>
    <element>info.kwarc.mmt.api.frontend.actions.ActionHandling.handle(ActionHandling.scala:48)</element>
    <element>info.kwarc.mmt.api.frontend.actions.ActionHandling.handle$(ActionHandling.scala:37)</element>
    <element>info.kwarc.mmt.api.frontend.Controller.handle(Controller.scala:74)</element>
    <element>info.kwarc.mmt.api.frontend.actions.ActionHandling.handleLine(ActionHandling.scala:33)</element>
    <element>info.kwarc.mmt.api.frontend.actions.ActionHandling.handleLine$(ActionHandling.scala:31)</element>
    <element>info.kwarc.mmt.api.frontend.Controller.handleLine(Controller.scala:74)</element>
    <element>com.example.mmtapi.Test$.main(Test.scala:35)</element>
    <element>com.example.mmtapi.Test.main(Test.scala)</element>
  </stacktrace>
</error>
<error type="info.kwarc.mmt.api.checking.RuleBasedChecker$$anon$3" shortMsg="invalid unit: http://BenniDoes.Stuff/?Situation?stest?type: Judgment  |- DF sa sb INHABITABLE" level="2">
  <stacktrace>
    <element>info.kwarc.mmt.api.checking.RuleBasedChecker.$anonfun$apply$17(RuleBasedChecker.scala:99)</element>
    <element>info.kwarc.mmt.api.checking.RuleBasedChecker.$anonfun$apply$17$adapted(RuleBasedChecker.scala:98)</element>
    <element>scala.collection.immutable.List.foreach(List.scala:392)</element>
    <element>info.kwarc.mmt.api.checking.RuleBasedChecker.$anonfun$apply$15(RuleBasedChecker.scala:98)</element>
    <element>scala.runtime.java8.JFunction0$mcV$sp.apply(JFunction0$mcV$sp.java:23)</element>
    <element>info.kwarc.mmt.api.frontend.Logger.logGroup(Log.scala:34)</element>
    <element>info.kwarc.mmt.api.frontend.Logger.logGroup$(Log.scala:31)</element>
    <element>info.kwarc.mmt.api.checking.RuleBasedChecker.logGroup(RuleBasedChecker.scala:17)</element>
    <element>info.kwarc.mmt.api.checking.RuleBasedChecker.apply(RuleBasedChecker.scala:95)</element>
    <element>info.kwarc.mmt.api.checking.MMTStructureChecker.checkInhabitable$1(MMTStructureChecker.scala:262)</element>
    <element>info.kwarc.mmt.api.checking.MMTStructureChecker.$anonfun$check$17(MMTStructureChecker.scala:303)</element>
    <element>info.kwarc.mmt.api.checking.MMTStructureChecker.$anonfun$check$17$adapted(MMTStructureChecker.scala:289)</element>
    <element>scala.Option.foreach(Option.scala:274)</element>
    <element>info.kwarc.mmt.api.checking.MMTStructureChecker.check(MMTStructureChecker.scala:289)</element>
    <element>info.kwarc.mmt.api.checking.MMTStructureChecker.applyElementBegin(MMTStructureChecker.scala:73)</element>
    <element>info.kwarc.mmt.api.checking.TwoStepInterpreter$$anon$1.onElement(Interpreter.scala:88)</element>
    <element>info.kwarc.mmt.api.parser.KeywordBasedParser.seCont(StructureParser.scala:131)</element>
    <element>info.kwarc.mmt.api.parser.KeywordBasedParser.addDeclaration$1(StructureParser.scala:497)</element>
    <element>info.kwarc.mmt.api.parser.KeywordBasedParser.readInModuleAux(StructureParser.scala:688)</element>
    <element>info.kwarc.mmt.api.parser.KeywordBasedParser.readInModule(StructureParser.scala:477)</element>
    <element>info.kwarc.mmt.api.parser.KeywordBasedParser.$anonfun$readTheory$2(StructureParser.scala:768)</element>
    <element>scala.runtime.java8.JFunction0$mcV$sp.apply(JFunction0$mcV$sp.java:23)</element>
    <element>info.kwarc.mmt.api.frontend.Logger.logGroup(Log.scala:34)</element>
    <element>info.kwarc.mmt.api.frontend.Logger.logGroup$(Log.scala:31)</element>
    <element>info.kwarc.mmt.api.parser.Parser.logGroup(Parser.scala:237)</element>
    <element>info.kwarc.mmt.api.parser.KeywordBasedParser.readTheory(StructureParser.scala:768)</element>
    <element>info.kwarc.mmt.api.parser.KeywordBasedParser.readInDocument(StructureParser.scala:416)</element>
    <element>info.kwarc.mmt.api.parser.KeywordBasedParser.$anonfun$apply$1(StructureParser.scala:93)</element>
    <element>scala.runtime.java8.JFunction0$mcV$sp.apply(JFunction0$mcV$sp.java:23)</element>
    <element>info.kwarc.mmt.api.frontend.Logger.logGroup(Log.scala:34)</element>
    <element>info.kwarc.mmt.api.frontend.Logger.logGroup$(Log.scala:31)</element>
    <element>info.kwarc.mmt.api.parser.Parser.logGroup(Parser.scala:237)</element>
    <element>info.kwarc.mmt.api.parser.KeywordBasedParser.apply(StructureParser.scala:93)</element>
    <element>info.kwarc.mmt.api.parser.KeywordBasedParser.apply(StructureParser.scala:83)</element>
    <element>info.kwarc.mmt.api.checking.TwoStepInterpreter.apply(Interpreter.scala:94)</element>
    <element>info.kwarc.mmt.api.checking.Interpreter.importDocument(Interpreter.scala:45)</element>
    <element>info.kwarc.mmt.api.archives.Importer.buildFile(Index.scala:159)</element>
    <element>info.kwarc.mmt.api.archives.TraversingBuildTarget.runBuildTask(BuildTarget.scala:564)</element>
    <element>info.kwarc.mmt.api.archives.TraversingBuildTarget.runBuildTaskIfNeeded(BuildTarget.scala:470)</element>
    <element>info.kwarc.mmt.api.archives.TrivialBuildManager.$anonfun$addTasks$1(BuildQueue.scala:122)</element>
    <element>scala.collection.immutable.List.foreach(List.scala:392)</element>
    <element>info.kwarc.mmt.api.archives.TrivialBuildManager.addTasks(BuildQueue.scala:121)</element>
    <element>info.kwarc.mmt.api.archives.TraversingBuildTarget.build(BuildTarget.scala:389)</element>
    <element>info.kwarc.mmt.api.archives.TraversingBuildTarget.build(BuildTarget.scala:383)</element>
    <element>info.kwarc.mmt.api.archives.BuildTarget.apply(BuildTarget.scala:227)</element>
    <element>info.kwarc.mmt.api.frontend.actions.ArchiveActionHandling.$anonfun$buildArchive$1(ArchiveAction.scala:119)</element>
    <element>info.kwarc.mmt.api.frontend.actions.ArchiveActionHandling.$anonfun$buildArchive$1$adapted(ArchiveAction.scala:96)</element>
    <element>scala.collection.immutable.List.foreach(List.scala:392)</element>
    <element>info.kwarc.mmt.api.frontend.actions.ArchiveActionHandling.buildArchive(ArchiveAction.scala:96)</element>
    <element>info.kwarc.mmt.api.frontend.actions.ArchiveActionHandling.buildArchive$(ArchiveAction.scala:95)</element>
    <element>info.kwarc.mmt.api.frontend.Controller.buildArchive(Controller.scala:74)</element>
    <element>info.kwarc.mmt.api.frontend.actions.ArchiveBuild.apply(ArchiveAction.scala:13)</element>
    <element>info.kwarc.mmt.api.frontend.actions.ActionHandling.handle(ActionHandling.scala:48)</element>
    <element>info.kwarc.mmt.api.frontend.actions.ActionHandling.handle$(ActionHandling.scala:37)</element>
    <element>info.kwarc.mmt.api.frontend.Controller.handle(Controller.scala:74)</element>
    <element>info.kwarc.mmt.api.frontend.actions.ActionHandling.handleLine(ActionHandling.scala:33)</element>
    <element>info.kwarc.mmt.api.frontend.actions.ActionHandling.handleLine$(ActionHandling.scala:31)</element>
    <element>info.kwarc.mmt.api.frontend.Controller.handleLine(Controller.scala:74)</element>
    <element>com.example.mmtapi.Test$.main(Test.scala:35)</element>
    <element>com.example.mmtapi.Test.main(Test.scala)</element>
  </stacktrace>
</error>
<error type="info.kwarc.mmt.api.checking.RuleBasedChecker$$anon$3" shortMsg="invalid unit: http://BenniDoes.Stuff/?Situation?stest?definition: Judgment  |- DFof sa sb 1 : DF sa sb" level="2">
  <stacktrace>
    <element>info.kwarc.mmt.api.checking.RuleBasedChecker.$anonfun$apply$17(RuleBasedChecker.scala:99)</element>
    <element>info.kwarc.mmt.api.checking.RuleBasedChecker.$anonfun$apply$17$adapted(RuleBasedChecker.scala:98)</element>
    <element>scala.collection.immutable.List.foreach(List.scala:392)</element>
    <element>info.kwarc.mmt.api.checking.RuleBasedChecker.$anonfun$apply$15(RuleBasedChecker.scala:98)</element>
    <element>scala.runtime.java8.JFunction0$mcV$sp.apply(JFunction0$mcV$sp.java:23)</element>
    <element>info.kwarc.mmt.api.frontend.Logger.logGroup(Log.scala:34)</element>
    <element>info.kwarc.mmt.api.frontend.Logger.logGroup$(Log.scala:31)</element>
    <element>info.kwarc.mmt.api.checking.RuleBasedChecker.logGroup(RuleBasedChecker.scala:17)</element>
    <element>info.kwarc.mmt.api.checking.RuleBasedChecker.apply(RuleBasedChecker.scala:95)</element>
    <element>info.kwarc.mmt.api.checking.MMTStructureChecker.$anonfun$check$17(MMTStructureChecker.scala:313)</element>
    <element>info.kwarc.mmt.api.checking.MMTStructureChecker.$anonfun$check$17$adapted(MMTStructureChecker.scala:289)</element>
    <element>scala.Option.foreach(Option.scala:274)</element>
    <element>info.kwarc.mmt.api.checking.MMTStructureChecker.check(MMTStructureChecker.scala:289)</element>
    <element>info.kwarc.mmt.api.checking.MMTStructureChecker.applyElementBegin(MMTStructureChecker.scala:73)</element>
    <element>info.kwarc.mmt.api.checking.TwoStepInterpreter$$anon$1.onElement(Interpreter.scala:88)</element>
    <element>info.kwarc.mmt.api.parser.KeywordBasedParser.seCont(StructureParser.scala:131)</element>
    <element>info.kwarc.mmt.api.parser.KeywordBasedParser.addDeclaration$1(StructureParser.scala:497)</element>
    <element>info.kwarc.mmt.api.parser.KeywordBasedParser.readInModuleAux(StructureParser.scala:688)</element>
    <element>info.kwarc.mmt.api.parser.KeywordBasedParser.readInModule(StructureParser.scala:477)</element>
    <element>info.kwarc.mmt.api.parser.KeywordBasedParser.$anonfun$readTheory$2(StructureParser.scala:768)</element>
    <element>scala.runtime.java8.JFunction0$mcV$sp.apply(JFunction0$mcV$sp.java:23)</element>
    <element>info.kwarc.mmt.api.frontend.Logger.logGroup(Log.scala:34)</element>
    <element>info.kwarc.mmt.api.frontend.Logger.logGroup$(Log.scala:31)</element>
    <element>info.kwarc.mmt.api.parser.Parser.logGroup(Parser.scala:237)</element>
    <element>info.kwarc.mmt.api.parser.KeywordBasedParser.readTheory(StructureParser.scala:768)</element>
    <element>info.kwarc.mmt.api.parser.KeywordBasedParser.readInDocument(StructureParser.scala:416)</element>
    <element>info.kwarc.mmt.api.parser.KeywordBasedParser.$anonfun$apply$1(StructureParser.scala:93)</element>
    <element>scala.runtime.java8.JFunction0$mcV$sp.apply(JFunction0$mcV$sp.java:23)</element>
    <element>info.kwarc.mmt.api.frontend.Logger.logGroup(Log.scala:34)</element>
    <element>info.kwarc.mmt.api.frontend.Logger.logGroup$(Log.scala:31)</element>
    <element>info.kwarc.mmt.api.parser.Parser.logGroup(Parser.scala:237)</element>
    <element>info.kwarc.mmt.api.parser.KeywordBasedParser.apply(StructureParser.scala:93)</element>
    <element>info.kwarc.mmt.api.parser.KeywordBasedParser.apply(StructureParser.scala:83)</element>
    <element>info.kwarc.mmt.api.checking.TwoStepInterpreter.apply(Interpreter.scala:94)</element>
    <element>info.kwarc.mmt.api.checking.Interpreter.importDocument(Interpreter.scala:45)</element>
    <element>info.kwarc.mmt.api.archives.Importer.buildFile(Index.scala:159)</element>
    <element>info.kwarc.mmt.api.archives.TraversingBuildTarget.runBuildTask(BuildTarget.scala:564)</element>
    <element>info.kwarc.mmt.api.archives.TraversingBuildTarget.runBuildTaskIfNeeded(BuildTarget.scala:470)</element>
    <element>info.kwarc.mmt.api.archives.TrivialBuildManager.$anonfun$addTasks$1(BuildQueue.scala:122)</element>
    <element>scala.collection.immutable.List.foreach(List.scala:392)</element>
    <element>info.kwarc.mmt.api.archives.TrivialBuildManager.addTasks(BuildQueue.scala:121)</element>
    <element>info.kwarc.mmt.api.archives.TraversingBuildTarget.build(BuildTarget.scala:389)</element>
    <element>info.kwarc.mmt.api.archives.TraversingBuildTarget.build(BuildTarget.scala:383)</element>
    <element>info.kwarc.mmt.api.archives.BuildTarget.apply(BuildTarget.scala:227)</element>
    <element>info.kwarc.mmt.api.frontend.actions.ArchiveActionHandling.$anonfun$buildArchive$1(ArchiveAction.scala:119)</element>
    <element>info.kwarc.mmt.api.frontend.actions.ArchiveActionHandling.$anonfun$buildArchive$1$adapted(ArchiveAction.scala:96)</element>
    <element>scala.collection.immutable.List.foreach(List.scala:392)</element>
    <element>info.kwarc.mmt.api.frontend.actions.ArchiveActionHandling.buildArchive(ArchiveAction.scala:96)</element>
    <element>info.kwarc.mmt.api.frontend.actions.ArchiveActionHandling.buildArchive$(ArchiveAction.scala:95)</element>
    <element>info.kwarc.mmt.api.frontend.Controller.buildArchive(Controller.scala:74)</element>
    <element>info.kwarc.mmt.api.frontend.actions.ArchiveBuild.apply(ArchiveAction.scala:13)</element>
    <element>info.kwarc.mmt.api.frontend.actions.ActionHandling.handle(ActionHandling.scala:48)</element>
    <element>info.kwarc.mmt.api.frontend.actions.ActionHandling.handle$(ActionHandling.scala:37)</element>
    <element>info.kwarc.mmt.api.frontend.Controller.handle(Controller.scala:74)</element>
    <element>info.kwarc.mmt.api.frontend.actions.ActionHandling.handleLine(ActionHandling.scala:33)</element>
    <element>info.kwarc.mmt.api.frontend.actions.ActionHandling.handleLine$(ActionHandling.scala:31)</element>
    <element>info.kwarc.mmt.api.frontend.Controller.handleLine(Controller.scala:74)</element>
    <element>com.example.mmtapi.Test$.main(Test.scala:35)</element>
    <element>com.example.mmtapi.Test.main(Test.scala)</element>
  </stacktrace>
</error>
<error type="info.kwarc.mmt.api.checking.RuleBasedChecker$$anon$3" shortMsg="invalid unit: http://BenniDoes.Stuff/?Situation?stest?definition: Judgment  |- DFof sa sb 1 : DF sa sb" level="2">
  <stacktrace>
    <element>info.kwarc.mmt.api.checking.RuleBasedChecker.$anonfun$apply$17(RuleBasedChecker.scala:99)</element>
    <element>info.kwarc.mmt.api.checking.RuleBasedChecker.$anonfun$apply$17$adapted(RuleBasedChecker.scala:98)</element>
    <element>scala.collection.immutable.List.foreach(List.scala:392)</element>
    <element>info.kwarc.mmt.api.checking.RuleBasedChecker.$anonfun$apply$15(RuleBasedChecker.scala:98)</element>
    <element>scala.runtime.java8.JFunction0$mcV$sp.apply(JFunction0$mcV$sp.java:23)</element>
    <element>info.kwarc.mmt.api.frontend.Logger.logGroup(Log.scala:34)</element>
    <element>info.kwarc.mmt.api.frontend.Logger.logGroup$(Log.scala:31)</element>
    <element>info.kwarc.mmt.api.checking.RuleBasedChecker.logGroup(RuleBasedChecker.scala:17)</element>
    <element>info.kwarc.mmt.api.checking.RuleBasedChecker.apply(RuleBasedChecker.scala:95)</element>
    <element>info.kwarc.mmt.api.checking.MMTStructureChecker.$anonfun$check$17(MMTStructureChecker.scala:313)</element>
    <element>info.kwarc.mmt.api.checking.MMTStructureChecker.$anonfun$check$17$adapted(MMTStructureChecker.scala:289)</element>
    <element>scala.Option.foreach(Option.scala:274)</element>
    <element>info.kwarc.mmt.api.checking.MMTStructureChecker.check(MMTStructureChecker.scala:289)</element>
    <element>info.kwarc.mmt.api.checking.MMTStructureChecker.applyElementBegin(MMTStructureChecker.scala:73)</element>
    <element>info.kwarc.mmt.api.checking.TwoStepInterpreter$$anon$1.onElement(Interpreter.scala:88)</element>
    <element>info.kwarc.mmt.api.parser.KeywordBasedParser.seCont(StructureParser.scala:131)</element>
    <element>info.kwarc.mmt.api.parser.KeywordBasedParser.addDeclaration$1(StructureParser.scala:497)</element>
    <element>info.kwarc.mmt.api.parser.KeywordBasedParser.readInModuleAux(StructureParser.scala:688)</element>
    <element>info.kwarc.mmt.api.parser.KeywordBasedParser.readInModule(StructureParser.scala:477)</element>
    <element>info.kwarc.mmt.api.parser.KeywordBasedParser.$anonfun$readTheory$2(StructureParser.scala:768)</element>
    <element>scala.runtime.java8.JFunction0$mcV$sp.apply(JFunction0$mcV$sp.java:23)</element>
    <element>info.kwarc.mmt.api.frontend.Logger.logGroup(Log.scala:34)</element>
    <element>info.kwarc.mmt.api.frontend.Logger.logGroup$(Log.scala:31)</element>
    <element>info.kwarc.mmt.api.parser.Parser.logGroup(Parser.scala:237)</element>
    <element>info.kwarc.mmt.api.parser.KeywordBasedParser.readTheory(StructureParser.scala:768)</element>
    <element>info.kwarc.mmt.api.parser.KeywordBasedParser.readInDocument(StructureParser.scala:416)</element>
    <element>info.kwarc.mmt.api.parser.KeywordBasedParser.$anonfun$apply$1(StructureParser.scala:93)</element>
    <element>scala.runtime.java8.JFunction0$mcV$sp.apply(JFunction0$mcV$sp.java:23)</element>
    <element>info.kwarc.mmt.api.frontend.Logger.logGroup(Log.scala:34)</element>
    <element>info.kwarc.mmt.api.frontend.Logger.logGroup$(Log.scala:31)</element>
    <element>info.kwarc.mmt.api.parser.Parser.logGroup(Parser.scala:237)</element>
    <element>info.kwarc.mmt.api.parser.KeywordBasedParser.apply(StructureParser.scala:93)</element>
    <element>info.kwarc.mmt.api.parser.KeywordBasedParser.apply(StructureParser.scala:83)</element>
    <element>info.kwarc.mmt.api.checking.TwoStepInterpreter.apply(Interpreter.scala:94)</element>
    <element>info.kwarc.mmt.api.checking.Interpreter.importDocument(Interpreter.scala:45)</element>
    <element>info.kwarc.mmt.api.archives.Importer.buildFile(Index.scala:159)</element>
    <element>info.kwarc.mmt.api.archives.TraversingBuildTarget.runBuildTask(BuildTarget.scala:564)</element>
    <element>info.kwarc.mmt.api.archives.TraversingBuildTarget.runBuildTaskIfNeeded(BuildTarget.scala:470)</element>
    <element>info.kwarc.mmt.api.archives.TrivialBuildManager.$anonfun$addTasks$1(BuildQueue.scala:122)</element>
    <element>scala.collection.immutable.List.foreach(List.scala:392)</element>
    <element>info.kwarc.mmt.api.archives.TrivialBuildManager.addTasks(BuildQueue.scala:121)</element>
    <element>info.kwarc.mmt.api.archives.TraversingBuildTarget.build(BuildTarget.scala:389)</element>
    <element>info.kwarc.mmt.api.archives.TraversingBuildTarget.build(BuildTarget.scala:383)</element>
    <element>info.kwarc.mmt.api.archives.BuildTarget.apply(BuildTarget.scala:227)</element>
    <element>info.kwarc.mmt.api.frontend.actions.ArchiveActionHandling.$anonfun$buildArchive$1(ArchiveAction.scala:119)</element>
    <element>info.kwarc.mmt.api.frontend.actions.ArchiveActionHandling.$anonfun$buildArchive$1$adapted(ArchiveAction.scala:96)</element>
    <element>scala.collection.immutable.List.foreach(List.scala:392)</element>
    <element>info.kwarc.mmt.api.frontend.actions.ArchiveActionHandling.buildArchive(ArchiveAction.scala:96)</element>
    <element>info.kwarc.mmt.api.frontend.actions.ArchiveActionHandling.buildArchive$(ArchiveAction.scala:95)</element>
    <element>info.kwarc.mmt.api.frontend.Controller.buildArchive(Controller.scala:74)</element>
    <element>info.kwarc.mmt.api.frontend.actions.ArchiveBuild.apply(ArchiveAction.scala:13)</element>
    <element>info.kwarc.mmt.api.frontend.actions.ActionHandling.handle(ActionHandling.scala:48)</element>
    <element>info.kwarc.mmt.api.frontend.actions.ActionHandling.handle$(ActionHandling.scala:37)</element>
    <element>info.kwarc.mmt.api.frontend.Controller.handle(Controller.scala:74)</element>
    <element>info.kwarc.mmt.api.frontend.actions.ActionHandling.handleLine(ActionHandling.scala:33)</element>
    <element>info.kwarc.mmt.api.frontend.actions.ActionHandling.handleLine$(ActionHandling.scala:31)</element>
    <element>info.kwarc.mmt.api.frontend.Controller.handleLine(Controller.scala:74)</element>
    <element>com.example.mmtapi.Test$.main(Test.scala:35)</element>
    <element>com.example.mmtapi.Test.main(Test.scala)</element>
  </stacktrace>
</error>
</errors>
